<?xml version="1.0" encoding="UTF-8"?><testsuite errors="1" failures="0" name="parabank.features.TestInvalidLogin" skipped="0" tests="1" time="0.91" timestamp="2025-05-22 02:14:28"><testcase classname="parabank.features.TestInvalidLogin" name="Login with invalid credentials"><error message="Could not instantiate new WebDriver instance of type class org.openqa.selenium.firefox.FirefoxDriver (Process unexpectedly closed with status 0&#10;Build info: version: '3.141.59', revision: 'e82be7d358', time: '2018-11-14T08:17:03'&#10;System info: host: 'DESKTOP-D61PANL', ip: '172.26.160.1', os.name: 'Windows 10', os.arch: 'amd64', os.version: '10.0', java.version: '21.0.5'&#10;Driver info: driver.version: ProvideNewDriver&#10;remote stacktrace: ). See below for more details." type="net.thucydides.core.webdriver.DriverConfigurationError">Could not instantiate new WebDriver instance of type class org.openqa.selenium.firefox.FirefoxDriver (Process unexpectedly closed with status 0
Build info: version: '3.141.59', revision: 'e82be7d358', time: '2018-11-14T08:17:03'
System info: host: 'DESKTOP-D61PANL', ip: '172.26.160.1', os.name: 'Windows 10', os.arch: 'amd64', os.version: '10.0', java.version: '21.0.5'
Driver info: driver.version: ProvideNewDriver
remote stacktrace: ). See below for more details.</error><system-err>Could not instantiate new WebDriver instance of type class org.openqa.selenium.firefox.FirefoxDriver (Process unexpectedly closed with status 0
Build info: version: '3.141.59', revision: 'e82be7d358', time: '2018-11-14T08:17:03'
System info: host: 'DESKTOP-D61PANL', ip: '172.26.160.1', os.name: 'Windows 10', os.arch: 'amd64', os.version: '10.0', java.version: '21.0.5'
Driver info: driver.version: ProvideNewDriver
remote stacktrace: ). See below for more details.&#13;
parabank.steps.EndUserSteps.isOnTheLoginPage(EndUserSteps.java:17)&#13;
parabank.features.TestInvalidLogin.loginWithInvalidCredentials(TestInvalidLogin.java:32)&#13;
</system-err></testcase></testsuite>